-------------------------------------------------------------------------------
Test set: com.example.RestAPISourceTest
-------------------------------------------------------------------------------
Tests run: 1, Failures: 1, Errors: 0, Skipped: 0, Time elapsed: 0.842 s <<< FAILURE! -- in com.example.RestAPISourceTest
com.example.RestAPISourceTest.testFetchDataFromAPI -- Time elapsed: 0.567 s <<< FAILURE!
org.opentest4j.AssertionFailedError: The response should have a 'userId' field ==> expected: <true> but was: <false>
	at org.junit.jupiter.api.AssertionFailureBuilder.build(AssertionFailureBuilder.java:151)
	at org.junit.jupiter.api.AssertionFailureBuilder.buildAndThrow(AssertionFailureBuilder.java:132)
	at org.junit.jupiter.api.AssertTrue.failNotTrue(AssertTrue.java:63)
	at org.junit.jupiter.api.AssertTrue.assertTrue(AssertTrue.java:36)
	at org.junit.jupiter.api.Assertions.assertTrue(Assertions.java:214)
	at com.example.RestAPISourceTest.testFetchDataFromAPI(RestAPISourceTest.java:37)
	at java.base/java.lang.reflect.Method.invoke(Method.java:566)
	at java.base/java.util.ArrayList.forEach(ArrayList.java:1541)
	at java.base/java.util.ArrayList.forEach(ArrayList.java:1541)

