<?xml version="1.0" encoding="UTF-8"?>
<testsuite xmlns:xsi="http://www.w3.org/2001/XMLSchema-instance" xsi:noNamespaceSchemaLocation="https://maven.apache.org/surefire/maven-surefire-plugin/xsd/surefire-test-report.xsd" version="3.0.1" name="com.example.RestAPISourceTest" time="0.548" tests="1" errors="0" skipped="0" failures="0">
  <properties>
[...]
</properties>
  <testcase name="testFetchDataFromAPI" classname="com.example.RestAPISourceTest" time="0.284">
    <system-out><![CDATA[2024-10-17 16:09:40,736 [main] INFO : Successfully fetched data from REST API.
2024-10-17 16:09:40,905 [main] INFO : API Response Line: {
2024-10-17 16:09:40,905 [main] INFO : API Response Line:   "userId": 1,
2024-10-17 16:09:40,905 [main] INFO : API Response Line:   "id": 1,
2024-10-17 16:09:40,905 [main] INFO : API Response Line:   "title": "sunt aut facere repellat provident occaecati excepturi optio reprehenderit",
2024-10-17 16:09:40,906 [main] INFO : API Response Line:   "body": "quia et suscipit\nsuscipit recusandae consequuntur expedita et cum\nreprehenderit molestiae ut ut quas totam\nnostrum rerum est autem sunt rem eveniet architecto"
]]></system-out>
  </testcase>
</testsuite>